mode: set
github.com/xhynever/wallet-test/services/responses/response.go:8.37,11.2 2 0
github.com/xhynever/wallet-test/main.go:13.13,18.16 3 0
github.com/xhynever/wallet-test/main.go:18.16,20.3 1 0
github.com/xhynever/wallet-test/main.go:22.2,31.44 8 0
github.com/xhynever/wallet-test/handler/accounts.go:13.51,16.49 2 0
github.com/xhynever/wallet-test/handler/accounts.go:16.49,20.3 3 0
github.com/xhynever/wallet-test/handler/accounts.go:22.2,22.21 1 0
github.com/xhynever/wallet-test/handler/accounts.go:22.21,26.3 3 0
github.com/xhynever/wallet-test/handler/accounts.go:27.2,28.16 2 0
github.com/xhynever/wallet-test/handler/accounts.go:28.16,31.3 2 0
github.com/xhynever/wallet-test/handler/accounts.go:32.2,34.4 1 0
github.com/xhynever/wallet-test/handler/accounts.go:37.48,39.48 2 0
github.com/xhynever/wallet-test/handler/accounts.go:39.48,42.3 2 0
github.com/xhynever/wallet-test/handler/accounts.go:43.2,44.16 2 0
github.com/xhynever/wallet-test/handler/accounts.go:44.16,45.27 1 0
github.com/xhynever/wallet-test/handler/accounts.go:45.27,48.4 2 0
github.com/xhynever/wallet-test/handler/accounts.go:49.3,50.9 2 0
github.com/xhynever/wallet-test/handler/accounts.go:52.2,52.34 1 0
github.com/xhynever/wallet-test/handler/accounts.go:55.51,57.49 2 0
github.com/xhynever/wallet-test/handler/accounts.go:57.49,60.3 2 0
github.com/xhynever/wallet-test/handler/accounts.go:61.2,62.16 2 0
github.com/xhynever/wallet-test/handler/accounts.go:62.16,65.3 2 0
github.com/xhynever/wallet-test/handler/accounts.go:66.2,66.34 1 0
github.com/xhynever/wallet-test/handler/accounts.go:69.51,71.48 2 0
github.com/xhynever/wallet-test/handler/accounts.go:71.48,74.3 2 0
github.com/xhynever/wallet-test/handler/accounts.go:76.2,77.16 2 0
github.com/xhynever/wallet-test/handler/accounts.go:77.16,78.27 1 0
github.com/xhynever/wallet-test/handler/accounts.go:78.27,81.4 2 0
github.com/xhynever/wallet-test/handler/accounts.go:82.3,83.9 2 0
github.com/xhynever/wallet-test/handler/accounts.go:85.2,87.4 1 0
github.com/xhynever/wallet-test/handler/accounts.go:90.50,92.50 2 0
github.com/xhynever/wallet-test/handler/accounts.go:92.50,95.3 2 0
github.com/xhynever/wallet-test/handler/accounts.go:96.2,98.16 3 0
github.com/xhynever/wallet-test/handler/accounts.go:98.16,101.3 2 0
github.com/xhynever/wallet-test/handler/accounts.go:102.2,102.35 1 0
github.com/xhynever/wallet-test/handler/accounts.go:104.49,106.50 2 0
github.com/xhynever/wallet-test/handler/accounts.go:106.50,109.3 2 0
github.com/xhynever/wallet-test/handler/accounts.go:111.2,112.16 2 0
github.com/xhynever/wallet-test/handler/accounts.go:112.16,115.3 2 0
github.com/xhynever/wallet-test/handler/accounts.go:116.2,116.35 1 0
github.com/xhynever/wallet-test/handler/handler.go:12.54,14.2 1 0
github.com/xhynever/wallet-test/handler/handler.go:16.59,45.2 10 0
github.com/xhynever/wallet-test/handler/transfers.go:13.52,15.49 2 0
github.com/xhynever/wallet-test/handler/transfers.go:15.49,18.3 2 0
github.com/xhynever/wallet-test/handler/transfers.go:19.2,20.16 2 0
github.com/xhynever/wallet-test/handler/transfers.go:20.16,21.27 1 0
github.com/xhynever/wallet-test/handler/transfers.go:21.27,24.4 2 0
github.com/xhynever/wallet-test/handler/transfers.go:25.3,25.45 1 0
github.com/xhynever/wallet-test/handler/transfers.go:25.45,27.4 1 0
github.com/xhynever/wallet-test/handler/transfers.go:28.3,29.9 2 0
github.com/xhynever/wallet-test/handler/transfers.go:31.2,31.33 1 0
github.com/xhynever/wallet-test/handler/transfers.go:34.46,36.49 2 0
github.com/xhynever/wallet-test/handler/transfers.go:36.49,39.3 2 0
github.com/xhynever/wallet-test/handler/transfers.go:41.2,41.43 1 0
github.com/xhynever/wallet-test/handler/transfers.go:41.43,45.3 3 0
github.com/xhynever/wallet-test/handler/transfers.go:46.2,46.42 1 0
github.com/xhynever/wallet-test/handler/transfers.go:46.42,50.3 3 0
github.com/xhynever/wallet-test/handler/transfers.go:52.2,53.16 2 0
github.com/xhynever/wallet-test/handler/transfers.go:53.16,54.27 1 0
github.com/xhynever/wallet-test/handler/transfers.go:54.27,57.4 2 0
github.com/xhynever/wallet-test/handler/transfers.go:58.3,58.45 1 0
github.com/xhynever/wallet-test/handler/transfers.go:58.45,60.4 1 0
github.com/xhynever/wallet-test/handler/transfers.go:61.3,62.9 2 0
github.com/xhynever/wallet-test/handler/transfers.go:64.2,64.33 1 0
github.com/xhynever/wallet-test/services/accounts.go:13.66,15.2 1 0
github.com/xhynever/wallet-test/services/accounts.go:22.101,31.16 3 0
github.com/xhynever/wallet-test/services/accounts.go:31.16,33.3 1 0
github.com/xhynever/wallet-test/services/accounts.go:34.2,34.21 1 0
github.com/xhynever/wallet-test/services/accounts.go:41.95,43.16 2 0
github.com/xhynever/wallet-test/services/accounts.go:43.16,45.3 1 0
github.com/xhynever/wallet-test/services/accounts.go:46.2,46.21 1 0
github.com/xhynever/wallet-test/services/accounts.go:55.101,62.16 3 0
github.com/xhynever/wallet-test/services/accounts.go:62.16,64.3 1 0
github.com/xhynever/wallet-test/services/accounts.go:65.2,65.21 1 0
github.com/xhynever/wallet-test/services/accounts.go:72.72,75.16 2 0
github.com/xhynever/wallet-test/services/accounts.go:75.16,77.3 1 0
github.com/xhynever/wallet-test/services/accounts.go:78.2,78.25 1 0
github.com/xhynever/wallet-test/services/accounts.go:78.25,86.17 3 0
github.com/xhynever/wallet-test/services/accounts.go:86.17,88.4 1 0
github.com/xhynever/wallet-test/services/accounts.go:91.2,91.12 1 0
github.com/xhynever/wallet-test/services/accounts.go:100.100,108.16 3 0
github.com/xhynever/wallet-test/services/accounts.go:108.16,110.3 1 0
github.com/xhynever/wallet-test/services/accounts.go:111.2,111.21 1 0
github.com/xhynever/wallet-test/services/accounts.go:120.97,128.16 3 0
github.com/xhynever/wallet-test/services/accounts.go:128.16,130.3 1 0
github.com/xhynever/wallet-test/services/accounts.go:131.2,131.21 1 0
github.com/xhynever/wallet-test/services/services.go:21.50,25.2 1 0
github.com/xhynever/wallet-test/services/transfers.go:18.115,20.16 2 0
github.com/xhynever/wallet-test/services/transfers.go:20.16,21.27 1 0
github.com/xhynever/wallet-test/services/transfers.go:21.27,23.4 1 0
github.com/xhynever/wallet-test/services/transfers.go:24.3,24.20 1 0
github.com/xhynever/wallet-test/services/transfers.go:26.2,26.34 1 0
github.com/xhynever/wallet-test/services/transfers.go:26.34,29.3 2 0
github.com/xhynever/wallet-test/services/transfers.go:30.2,30.18 1 0
github.com/xhynever/wallet-test/services/transfers.go:33.100,34.42 1 0
github.com/xhynever/wallet-test/services/transfers.go:34.42,35.21 1 0
github.com/xhynever/wallet-test/services/transfers.go:35.21,38.32 2 0
github.com/xhynever/wallet-test/services/transfers.go:38.32,40.5 1 0
github.com/xhynever/wallet-test/services/transfers.go:41.9,44.34 2 0
github.com/xhynever/wallet-test/services/transfers.go:44.34,46.5 1 0
github.com/xhynever/wallet-test/services/transfers.go:47.4,48.18 2 0
github.com/xhynever/wallet-test/services/transfers.go:48.18,50.5 1 0
github.com/xhynever/wallet-test/services/transfers.go:51.4,51.37 1 0
github.com/xhynever/wallet-test/services/transfers.go:51.37,54.5 2 0
github.com/xhynever/wallet-test/services/transfers.go:56.8,59.33 2 0
github.com/xhynever/wallet-test/services/transfers.go:59.33,61.4 1 0
github.com/xhynever/wallet-test/services/transfers.go:62.3,63.31 2 0
github.com/xhynever/wallet-test/services/transfers.go:63.31,65.4 1 0
github.com/xhynever/wallet-test/services/transfers.go:68.2,75.16 3 0
github.com/xhynever/wallet-test/services/transfers.go:75.16,77.3 1 0
github.com/xhynever/wallet-test/services/transfers.go:78.2,78.20 1 0
github.com/xhynever/wallet-test/repository/sqlc/account.sql.go:24.104,35.2 4 0
github.com/xhynever/wallet-test/repository/sqlc/account.sql.go:53.96,64.2 4 0
github.com/xhynever/wallet-test/repository/sqlc/account.sql.go:71.70,74.2 2 0
github.com/xhynever/wallet-test/repository/sqlc/account.sql.go:81.78,92.2 4 0
github.com/xhynever/wallet-test/repository/sqlc/account.sql.go:109.96,112.16 2 0
github.com/xhynever/wallet-test/repository/sqlc/account.sql.go:112.16,114.3 1 0
github.com/xhynever/wallet-test/repository/sqlc/account.sql.go:115.2,117.18 3 0
github.com/xhynever/wallet-test/repository/sqlc/account.sql.go:117.18,125.17 2 0
github.com/xhynever/wallet-test/repository/sqlc/account.sql.go:125.17,127.4 1 0
github.com/xhynever/wallet-test/repository/sqlc/account.sql.go:128.3,128.27 1 0
github.com/xhynever/wallet-test/repository/sqlc/account.sql.go:130.2,130.37 1 0
github.com/xhynever/wallet-test/repository/sqlc/account.sql.go:130.37,132.3 1 0
github.com/xhynever/wallet-test/repository/sqlc/account.sql.go:133.2,133.35 1 0
github.com/xhynever/wallet-test/repository/sqlc/account.sql.go:133.35,135.3 1 0
github.com/xhynever/wallet-test/repository/sqlc/account.sql.go:136.2,136.19 1 0
github.com/xhynever/wallet-test/repository/sqlc/account.sql.go:152.96,163.2 4 0
github.com/xhynever/wallet-test/repository/sqlc/db.go:19.28,21.2 1 0
github.com/xhynever/wallet-test/repository/sqlc/db.go:27.47,31.2 1 0
github.com/xhynever/wallet-test/repository/sqlc/entry.sql.go:26.90,36.2 4 0
github.com/xhynever/wallet-test/repository/sqlc/entry.sql.go:43.74,53.2 4 0
github.com/xhynever/wallet-test/repository/sqlc/entry.sql.go:69.92,71.16 2 0
github.com/xhynever/wallet-test/repository/sqlc/entry.sql.go:71.16,73.3 1 0
github.com/xhynever/wallet-test/repository/sqlc/entry.sql.go:74.2,76.18 3 0
github.com/xhynever/wallet-test/repository/sqlc/entry.sql.go:76.18,83.17 2 0
github.com/xhynever/wallet-test/repository/sqlc/entry.sql.go:83.17,85.4 1 0
github.com/xhynever/wallet-test/repository/sqlc/entry.sql.go:86.3,86.27 1 0
github.com/xhynever/wallet-test/repository/sqlc/entry.sql.go:88.2,88.37 1 0
github.com/xhynever/wallet-test/repository/sqlc/entry.sql.go:88.37,90.3 1 0
github.com/xhynever/wallet-test/repository/sqlc/entry.sql.go:91.2,91.35 1 0
github.com/xhynever/wallet-test/repository/sqlc/entry.sql.go:91.35,93.3 1 0
github.com/xhynever/wallet-test/repository/sqlc/entry.sql.go:94.2,94.19 1 0
github.com/xhynever/wallet-test/repository/sqlc/store.go:21.38,23.2 1 0
github.com/xhynever/wallet-test/repository/sqlc/store.go:25.83,27.16 2 0
github.com/xhynever/wallet-test/repository/sqlc/store.go:27.16,29.3 1 0
github.com/xhynever/wallet-test/repository/sqlc/store.go:31.2,33.16 3 0
github.com/xhynever/wallet-test/repository/sqlc/store.go:33.16,34.43 1 0
github.com/xhynever/wallet-test/repository/sqlc/store.go:34.43,36.4 1 0
github.com/xhynever/wallet-test/repository/sqlc/store.go:37.3,37.13 1 0
github.com/xhynever/wallet-test/repository/sqlc/store.go:40.2,40.20 1 0
github.com/xhynever/wallet-test/repository/sqlc/store.go:57.104,60.42 2 0
github.com/xhynever/wallet-test/repository/sqlc/store.go:60.42,61.51 1 0
github.com/xhynever/wallet-test/repository/sqlc/store.go:61.51,69.18 4 0
github.com/xhynever/wallet-test/repository/sqlc/store.go:69.18,71.5 1 0
github.com/xhynever/wallet-test/repository/sqlc/store.go:72.4,76.18 2 0
github.com/xhynever/wallet-test/repository/sqlc/store.go:76.18,78.5 1 0
github.com/xhynever/wallet-test/repository/sqlc/store.go:79.4,83.18 2 0
github.com/xhynever/wallet-test/repository/sqlc/store.go:83.18,85.5 1 0
github.com/xhynever/wallet-test/repository/sqlc/store.go:86.4,86.14 1 0
github.com/xhynever/wallet-test/repository/sqlc/store.go:88.3,88.21 1 0
github.com/xhynever/wallet-test/repository/sqlc/store.go:89.8,90.51 1 0
github.com/xhynever/wallet-test/repository/sqlc/store.go:90.51,97.18 3 0
github.com/xhynever/wallet-test/repository/sqlc/store.go:97.18,99.5 1 0
github.com/xhynever/wallet-test/repository/sqlc/store.go:100.4,104.18 2 0
github.com/xhynever/wallet-test/repository/sqlc/store.go:104.18,106.5 1 0
github.com/xhynever/wallet-test/repository/sqlc/store.go:107.4,111.18 2 0
github.com/xhynever/wallet-test/repository/sqlc/store.go:111.18,113.5 1 0
github.com/xhynever/wallet-test/repository/sqlc/store.go:114.4,114.43 1 0
github.com/xhynever/wallet-test/repository/sqlc/store.go:114.43,117.5 1 0
github.com/xhynever/wallet-test/repository/sqlc/store.go:117.10,119.5 1 0
github.com/xhynever/wallet-test/repository/sqlc/store.go:120.4,120.14 1 0
github.com/xhynever/wallet-test/repository/sqlc/store.go:122.3,122.21 1 0
github.com/xhynever/wallet-test/repository/sqlc/store.go:133.43,139.16 2 0
github.com/xhynever/wallet-test/repository/sqlc/store.go:139.16,141.3 1 0
github.com/xhynever/wallet-test/repository/sqlc/store.go:142.2,146.16 2 0
github.com/xhynever/wallet-test/repository/sqlc/store.go:146.16,148.3 1 0
github.com/xhynever/wallet-test/repository/sqlc/store.go:149.2,149.8 1 0
github.com/xhynever/wallet-test/repository/sqlc/transfer.sql.go:28.99,39.2 4 0
github.com/xhynever/wallet-test/repository/sqlc/transfer.sql.go:46.80,57.2 4 0
github.com/xhynever/wallet-test/repository/sqlc/transfer.sql.go:77.99,84.16 2 0
github.com/xhynever/wallet-test/repository/sqlc/transfer.sql.go:84.16,86.3 1 0
github.com/xhynever/wallet-test/repository/sqlc/transfer.sql.go:87.2,89.18 3 0
github.com/xhynever/wallet-test/repository/sqlc/transfer.sql.go:89.18,97.17 2 0
github.com/xhynever/wallet-test/repository/sqlc/transfer.sql.go:97.17,99.4 1 0
github.com/xhynever/wallet-test/repository/sqlc/transfer.sql.go:100.3,100.27 1 0
github.com/xhynever/wallet-test/repository/sqlc/transfer.sql.go:102.2,102.37 1 0
github.com/xhynever/wallet-test/repository/sqlc/transfer.sql.go:102.37,104.3 1 0
github.com/xhynever/wallet-test/repository/sqlc/transfer.sql.go:105.2,105.35 1 0
github.com/xhynever/wallet-test/repository/sqlc/transfer.sql.go:105.35,107.3 1 0
github.com/xhynever/wallet-test/repository/sqlc/transfer.sql.go:108.2,108.19 1 0
github.com/xhynever/wallet-test/main.go:13.13,18.16 3 0
github.com/xhynever/wallet-test/main.go:18.16,20.3 1 0
github.com/xhynever/wallet-test/main.go:22.2,31.44 8 0
github.com/xhynever/wallet-test/handler/accounts.go:13.51,16.49 2 0
github.com/xhynever/wallet-test/handler/accounts.go:16.49,20.3 3 0
github.com/xhynever/wallet-test/handler/accounts.go:22.2,22.21 1 0
github.com/xhynever/wallet-test/handler/accounts.go:22.21,26.3 3 0
github.com/xhynever/wallet-test/handler/accounts.go:27.2,28.16 2 0
github.com/xhynever/wallet-test/handler/accounts.go:28.16,31.3 2 0
github.com/xhynever/wallet-test/handler/accounts.go:32.2,34.4 1 0
github.com/xhynever/wallet-test/handler/accounts.go:37.48,39.48 2 0
github.com/xhynever/wallet-test/handler/accounts.go:39.48,42.3 2 0
github.com/xhynever/wallet-test/handler/accounts.go:43.2,44.16 2 0
github.com/xhynever/wallet-test/handler/accounts.go:44.16,45.27 1 0
github.com/xhynever/wallet-test/handler/accounts.go:45.27,48.4 2 0
github.com/xhynever/wallet-test/handler/accounts.go:49.3,50.9 2 0
github.com/xhynever/wallet-test/handler/accounts.go:52.2,52.34 1 0
github.com/xhynever/wallet-test/handler/accounts.go:55.51,57.49 2 0
github.com/xhynever/wallet-test/handler/accounts.go:57.49,60.3 2 0
github.com/xhynever/wallet-test/handler/accounts.go:61.2,62.16 2 0
github.com/xhynever/wallet-test/handler/accounts.go:62.16,65.3 2 0
github.com/xhynever/wallet-test/handler/accounts.go:66.2,66.34 1 0
github.com/xhynever/wallet-test/handler/accounts.go:69.51,71.48 2 0
github.com/xhynever/wallet-test/handler/accounts.go:71.48,74.3 2 0
github.com/xhynever/wallet-test/handler/accounts.go:76.2,77.16 2 0
github.com/xhynever/wallet-test/handler/accounts.go:77.16,78.27 1 0
github.com/xhynever/wallet-test/handler/accounts.go:78.27,81.4 2 0
github.com/xhynever/wallet-test/handler/accounts.go:82.3,83.9 2 0
github.com/xhynever/wallet-test/handler/accounts.go:85.2,87.4 1 0
github.com/xhynever/wallet-test/handler/accounts.go:90.50,92.50 2 0
github.com/xhynever/wallet-test/handler/accounts.go:92.50,95.3 2 0
github.com/xhynever/wallet-test/handler/accounts.go:96.2,98.16 3 0
github.com/xhynever/wallet-test/handler/accounts.go:98.16,101.3 2 0
github.com/xhynever/wallet-test/handler/accounts.go:102.2,102.35 1 0
github.com/xhynever/wallet-test/handler/accounts.go:104.49,106.50 2 0
github.com/xhynever/wallet-test/handler/accounts.go:106.50,109.3 2 0
github.com/xhynever/wallet-test/handler/accounts.go:111.2,112.16 2 0
github.com/xhynever/wallet-test/handler/accounts.go:112.16,115.3 2 0
github.com/xhynever/wallet-test/handler/accounts.go:116.2,116.35 1 0
github.com/xhynever/wallet-test/handler/handler.go:12.54,14.2 1 0
github.com/xhynever/wallet-test/handler/handler.go:16.59,45.2 10 0
github.com/xhynever/wallet-test/handler/transfers.go:13.52,15.49 2 0
github.com/xhynever/wallet-test/handler/transfers.go:15.49,18.3 2 0
github.com/xhynever/wallet-test/handler/transfers.go:19.2,20.16 2 0
github.com/xhynever/wallet-test/handler/transfers.go:20.16,21.27 1 0
github.com/xhynever/wallet-test/handler/transfers.go:21.27,24.4 2 0
github.com/xhynever/wallet-test/handler/transfers.go:25.3,25.45 1 0
github.com/xhynever/wallet-test/handler/transfers.go:25.45,27.4 1 0
github.com/xhynever/wallet-test/handler/transfers.go:28.3,29.9 2 0
github.com/xhynever/wallet-test/handler/transfers.go:31.2,31.33 1 0
github.com/xhynever/wallet-test/handler/transfers.go:34.46,36.49 2 0
github.com/xhynever/wallet-test/handler/transfers.go:36.49,39.3 2 0
github.com/xhynever/wallet-test/handler/transfers.go:41.2,41.43 1 0
github.com/xhynever/wallet-test/handler/transfers.go:41.43,45.3 3 0
github.com/xhynever/wallet-test/handler/transfers.go:46.2,46.42 1 0
github.com/xhynever/wallet-test/handler/transfers.go:46.42,50.3 3 0
github.com/xhynever/wallet-test/handler/transfers.go:52.2,53.16 2 0
github.com/xhynever/wallet-test/handler/transfers.go:53.16,54.27 1 0
github.com/xhynever/wallet-test/handler/transfers.go:54.27,57.4 2 0
github.com/xhynever/wallet-test/handler/transfers.go:58.3,58.45 1 0
github.com/xhynever/wallet-test/handler/transfers.go:58.45,60.4 1 0
github.com/xhynever/wallet-test/handler/transfers.go:61.3,62.9 2 0
github.com/xhynever/wallet-test/handler/transfers.go:64.2,64.33 1 0
github.com/xhynever/wallet-test/repository/sqlc/account.sql.go:24.104,35.2 4 0
github.com/xhynever/wallet-test/repository/sqlc/account.sql.go:53.96,64.2 4 0
github.com/xhynever/wallet-test/repository/sqlc/account.sql.go:71.70,74.2 2 0
github.com/xhynever/wallet-test/repository/sqlc/account.sql.go:81.78,92.2 4 0
github.com/xhynever/wallet-test/repository/sqlc/account.sql.go:109.96,112.16 2 0
github.com/xhynever/wallet-test/repository/sqlc/account.sql.go:112.16,114.3 1 0
github.com/xhynever/wallet-test/repository/sqlc/account.sql.go:115.2,117.18 3 0
github.com/xhynever/wallet-test/repository/sqlc/account.sql.go:117.18,125.17 2 0
github.com/xhynever/wallet-test/repository/sqlc/account.sql.go:125.17,127.4 1 0
github.com/xhynever/wallet-test/repository/sqlc/account.sql.go:128.3,128.27 1 0
github.com/xhynever/wallet-test/repository/sqlc/account.sql.go:130.2,130.37 1 0
github.com/xhynever/wallet-test/repository/sqlc/account.sql.go:130.37,132.3 1 0
github.com/xhynever/wallet-test/repository/sqlc/account.sql.go:133.2,133.35 1 0
github.com/xhynever/wallet-test/repository/sqlc/account.sql.go:133.35,135.3 1 0
github.com/xhynever/wallet-test/repository/sqlc/account.sql.go:136.2,136.19 1 0
github.com/xhynever/wallet-test/repository/sqlc/account.sql.go:152.96,163.2 4 0
github.com/xhynever/wallet-test/repository/sqlc/db.go:19.28,21.2 1 1
github.com/xhynever/wallet-test/repository/sqlc/db.go:27.47,31.2 1 0
github.com/xhynever/wallet-test/repository/sqlc/entry.sql.go:26.90,36.2 4 0
github.com/xhynever/wallet-test/repository/sqlc/entry.sql.go:43.74,53.2 4 0
github.com/xhynever/wallet-test/repository/sqlc/entry.sql.go:69.92,71.16 2 0
github.com/xhynever/wallet-test/repository/sqlc/entry.sql.go:71.16,73.3 1 0
github.com/xhynever/wallet-test/repository/sqlc/entry.sql.go:74.2,76.18 3 0
github.com/xhynever/wallet-test/repository/sqlc/entry.sql.go:76.18,83.17 2 0
github.com/xhynever/wallet-test/repository/sqlc/entry.sql.go:83.17,85.4 1 0
github.com/xhynever/wallet-test/repository/sqlc/entry.sql.go:86.3,86.27 1 0
github.com/xhynever/wallet-test/repository/sqlc/entry.sql.go:88.2,88.37 1 0
github.com/xhynever/wallet-test/repository/sqlc/entry.sql.go:88.37,90.3 1 0
github.com/xhynever/wallet-test/repository/sqlc/entry.sql.go:91.2,91.35 1 0
github.com/xhynever/wallet-test/repository/sqlc/entry.sql.go:91.35,93.3 1 0
github.com/xhynever/wallet-test/repository/sqlc/entry.sql.go:94.2,94.19 1 0
github.com/xhynever/wallet-test/repository/sqlc/store.go:21.38,23.2 1 0
github.com/xhynever/wallet-test/repository/sqlc/store.go:25.83,27.16 2 0
github.com/xhynever/wallet-test/repository/sqlc/store.go:27.16,29.3 1 0
github.com/xhynever/wallet-test/repository/sqlc/store.go:31.2,33.16 3 0
github.com/xhynever/wallet-test/repository/sqlc/store.go:33.16,34.43 1 0
github.com/xhynever/wallet-test/repository/sqlc/store.go:34.43,36.4 1 0
github.com/xhynever/wallet-test/repository/sqlc/store.go:37.3,37.13 1 0
github.com/xhynever/wallet-test/repository/sqlc/store.go:40.2,40.20 1 0
github.com/xhynever/wallet-test/repository/sqlc/store.go:57.104,60.42 2 0
github.com/xhynever/wallet-test/repository/sqlc/store.go:60.42,61.51 1 0
github.com/xhynever/wallet-test/repository/sqlc/store.go:61.51,69.18 4 0
github.com/xhynever/wallet-test/repository/sqlc/store.go:69.18,71.5 1 0
github.com/xhynever/wallet-test/repository/sqlc/store.go:72.4,76.18 2 0
github.com/xhynever/wallet-test/repository/sqlc/store.go:76.18,78.5 1 0
github.com/xhynever/wallet-test/repository/sqlc/store.go:79.4,83.18 2 0
github.com/xhynever/wallet-test/repository/sqlc/store.go:83.18,85.5 1 0
github.com/xhynever/wallet-test/repository/sqlc/store.go:86.4,86.14 1 0
github.com/xhynever/wallet-test/repository/sqlc/store.go:88.3,88.21 1 0
github.com/xhynever/wallet-test/repository/sqlc/store.go:89.8,90.51 1 0
github.com/xhynever/wallet-test/repository/sqlc/store.go:90.51,97.18 3 0
github.com/xhynever/wallet-test/repository/sqlc/store.go:97.18,99.5 1 0
github.com/xhynever/wallet-test/repository/sqlc/store.go:100.4,104.18 2 0
github.com/xhynever/wallet-test/repository/sqlc/store.go:104.18,106.5 1 0
github.com/xhynever/wallet-test/repository/sqlc/store.go:107.4,111.18 2 0
github.com/xhynever/wallet-test/repository/sqlc/store.go:111.18,113.5 1 0
github.com/xhynever/wallet-test/repository/sqlc/store.go:114.4,114.43 1 0
github.com/xhynever/wallet-test/repository/sqlc/store.go:114.43,117.5 1 0
github.com/xhynever/wallet-test/repository/sqlc/store.go:117.10,119.5 1 0
github.com/xhynever/wallet-test/repository/sqlc/store.go:120.4,120.14 1 0
github.com/xhynever/wallet-test/repository/sqlc/store.go:122.3,122.21 1 0
github.com/xhynever/wallet-test/repository/sqlc/store.go:133.43,139.16 2 0
github.com/xhynever/wallet-test/repository/sqlc/store.go:139.16,141.3 1 0
github.com/xhynever/wallet-test/repository/sqlc/store.go:142.2,146.16 2 0
github.com/xhynever/wallet-test/repository/sqlc/store.go:146.16,148.3 1 0
github.com/xhynever/wallet-test/repository/sqlc/store.go:149.2,149.8 1 0
github.com/xhynever/wallet-test/repository/sqlc/transfer.sql.go:28.99,39.2 4 0
github.com/xhynever/wallet-test/repository/sqlc/transfer.sql.go:46.80,57.2 4 0
github.com/xhynever/wallet-test/repository/sqlc/transfer.sql.go:77.99,84.16 2 0
github.com/xhynever/wallet-test/repository/sqlc/transfer.sql.go:84.16,86.3 1 0
github.com/xhynever/wallet-test/repository/sqlc/transfer.sql.go:87.2,89.18 3 0
github.com/xhynever/wallet-test/repository/sqlc/transfer.sql.go:89.18,97.17 2 0
github.com/xhynever/wallet-test/repository/sqlc/transfer.sql.go:97.17,99.4 1 0
github.com/xhynever/wallet-test/repository/sqlc/transfer.sql.go:100.3,100.27 1 0
github.com/xhynever/wallet-test/repository/sqlc/transfer.sql.go:102.2,102.37 1 0
github.com/xhynever/wallet-test/repository/sqlc/transfer.sql.go:102.37,104.3 1 0
github.com/xhynever/wallet-test/repository/sqlc/transfer.sql.go:105.2,105.35 1 0
github.com/xhynever/wallet-test/repository/sqlc/transfer.sql.go:105.35,107.3 1 0
github.com/xhynever/wallet-test/repository/sqlc/transfer.sql.go:108.2,108.19 1 0
github.com/xhynever/wallet-test/services/accounts.go:13.66,15.2 1 0
github.com/xhynever/wallet-test/services/accounts.go:22.101,31.16 3 0
github.com/xhynever/wallet-test/services/accounts.go:31.16,33.3 1 0
github.com/xhynever/wallet-test/services/accounts.go:34.2,34.21 1 0
github.com/xhynever/wallet-test/services/accounts.go:41.95,43.16 2 0
github.com/xhynever/wallet-test/services/accounts.go:43.16,45.3 1 0
github.com/xhynever/wallet-test/services/accounts.go:46.2,46.21 1 0
github.com/xhynever/wallet-test/services/accounts.go:55.101,62.16 3 0
github.com/xhynever/wallet-test/services/accounts.go:62.16,64.3 1 0
github.com/xhynever/wallet-test/services/accounts.go:65.2,65.21 1 0
github.com/xhynever/wallet-test/services/accounts.go:72.72,75.16 2 0
github.com/xhynever/wallet-test/services/accounts.go:75.16,77.3 1 0
github.com/xhynever/wallet-test/services/accounts.go:78.2,78.25 1 0
github.com/xhynever/wallet-test/services/accounts.go:78.25,86.17 3 0
github.com/xhynever/wallet-test/services/accounts.go:86.17,88.4 1 0
github.com/xhynever/wallet-test/services/accounts.go:91.2,91.12 1 0
github.com/xhynever/wallet-test/services/accounts.go:100.100,108.16 3 0
github.com/xhynever/wallet-test/services/accounts.go:108.16,110.3 1 0
github.com/xhynever/wallet-test/services/accounts.go:111.2,111.21 1 0
github.com/xhynever/wallet-test/services/accounts.go:120.97,128.16 3 0
github.com/xhynever/wallet-test/services/accounts.go:128.16,130.3 1 0
github.com/xhynever/wallet-test/services/accounts.go:131.2,131.21 1 0
github.com/xhynever/wallet-test/services/services.go:21.50,25.2 1 0
github.com/xhynever/wallet-test/services/transfers.go:18.115,20.16 2 0
github.com/xhynever/wallet-test/services/transfers.go:20.16,21.27 1 0
github.com/xhynever/wallet-test/services/transfers.go:21.27,23.4 1 0
github.com/xhynever/wallet-test/services/transfers.go:24.3,24.20 1 0
github.com/xhynever/wallet-test/services/transfers.go:26.2,26.34 1 0
github.com/xhynever/wallet-test/services/transfers.go:26.34,29.3 2 0
github.com/xhynever/wallet-test/services/transfers.go:30.2,30.18 1 0
github.com/xhynever/wallet-test/services/transfers.go:33.100,34.42 1 0
github.com/xhynever/wallet-test/services/transfers.go:34.42,35.21 1 0
github.com/xhynever/wallet-test/services/transfers.go:35.21,38.32 2 0
github.com/xhynever/wallet-test/services/transfers.go:38.32,40.5 1 0
github.com/xhynever/wallet-test/services/transfers.go:41.9,44.34 2 0
github.com/xhynever/wallet-test/services/transfers.go:44.34,46.5 1 0
github.com/xhynever/wallet-test/services/transfers.go:47.4,48.18 2 0
github.com/xhynever/wallet-test/services/transfers.go:48.18,50.5 1 0
github.com/xhynever/wallet-test/services/transfers.go:51.4,51.37 1 0
github.com/xhynever/wallet-test/services/transfers.go:51.37,54.5 2 0
github.com/xhynever/wallet-test/services/transfers.go:56.8,59.33 2 0
github.com/xhynever/wallet-test/services/transfers.go:59.33,61.4 1 0
github.com/xhynever/wallet-test/services/transfers.go:62.3,63.31 2 0
github.com/xhynever/wallet-test/services/transfers.go:63.31,65.4 1 0
github.com/xhynever/wallet-test/services/transfers.go:68.2,75.16 3 0
github.com/xhynever/wallet-test/services/transfers.go:75.16,77.3 1 0
github.com/xhynever/wallet-test/services/transfers.go:78.2,78.20 1 0
github.com/xhynever/wallet-test/services/responses/response.go:8.37,11.2 2 0
github.com/xhynever/wallet-test/tests/internal/repository/sqlc/mock/store.go:24.55,28.2 3 0
github.com/xhynever/wallet-test/tests/internal/repository/sqlc/mock/store.go:31.53,33.2 1 0
github.com/xhynever/wallet-test/tests/internal/repository/sqlc/mock/store.go:36.128,42.2 5 0
github.com/xhynever/wallet-test/tests/internal/repository/sqlc/mock/store.go:45.87,48.2 2 0
github.com/xhynever/wallet-test/tests/internal/repository/sqlc/mock/store.go:51.120,57.2 5 0
github.com/xhynever/wallet-test/tests/internal/repository/sqlc/mock/store.go:60.83,63.2 2 0
github.com/xhynever/wallet-test/tests/internal/repository/sqlc/mock/store.go:66.114,72.2 5 0
github.com/xhynever/wallet-test/tests/internal/repository/sqlc/mock/store.go:75.81,78.2 2 0
github.com/xhynever/wallet-test/tests/internal/repository/sqlc/mock/store.go:81.123,87.2 5 0
github.com/xhynever/wallet-test/tests/internal/repository/sqlc/mock/store.go:90.84,93.2 2 0
github.com/xhynever/wallet-test/tests/internal/repository/sqlc/mock/store.go:96.72,101.2 4 0
github.com/xhynever/wallet-test/tests/internal/repository/sqlc/mock/store.go:104.82,107.2 2 0
github.com/xhynever/wallet-test/tests/internal/repository/sqlc/mock/store.go:110.91,116.2 5 0
github.com/xhynever/wallet-test/tests/internal/repository/sqlc/mock/store.go:119.79,122.2 2 0
github.com/xhynever/wallet-test/tests/internal/repository/sqlc/mock/store.go:125.100,131.2 5 0
github.com/xhynever/wallet-test/tests/internal/repository/sqlc/mock/store.go:134.88,137.2 2 0
github.com/xhynever/wallet-test/tests/internal/repository/sqlc/mock/store.go:140.87,146.2 5 0
github.com/xhynever/wallet-test/tests/internal/repository/sqlc/mock/store.go:149.77,152.2 2 0
github.com/xhynever/wallet-test/tests/internal/repository/sqlc/mock/store.go:155.93,161.2 5 0
github.com/xhynever/wallet-test/tests/internal/repository/sqlc/mock/store.go:164.80,167.2 2 0
github.com/xhynever/wallet-test/tests/internal/repository/sqlc/mock/store.go:170.120,176.2 5 0
github.com/xhynever/wallet-test/tests/internal/repository/sqlc/mock/store.go:179.82,182.2 2 0
github.com/xhynever/wallet-test/tests/internal/repository/sqlc/mock/store.go:185.116,191.2 5 0
github.com/xhynever/wallet-test/tests/internal/repository/sqlc/mock/store.go:194.81,197.2 2 0
github.com/xhynever/wallet-test/tests/internal/repository/sqlc/mock/store.go:200.123,206.2 5 0
github.com/xhynever/wallet-test/tests/internal/repository/sqlc/mock/store.go:209.83,212.2 2 0
github.com/xhynever/wallet-test/tests/internal/repository/sqlc/mock/store.go:215.111,221.2 5 0
github.com/xhynever/wallet-test/tests/internal/repository/sqlc/mock/store.go:224.80,227.2 2 0
github.com/xhynever/wallet-test/tests/internal/repository/sqlc/mock/store.go:230.120,236.2 5 0
github.com/xhynever/wallet-test/tests/internal/repository/sqlc/mock/store.go:239.83,242.2 2 0
github.com/xhynever/wallet-test/util/random.go:12.13,14.2 1 0
github.com/xhynever/wallet-test/util/random.go:17.38,19.2 1 0
github.com/xhynever/wallet-test/util/random.go:22.33,26.25 3 0
github.com/xhynever/wallet-test/util/random.go:26.25,29.3 2 0
github.com/xhynever/wallet-test/util/random.go:31.2,31.20 1 0
github.com/xhynever/wallet-test/util/random.go:35.27,37.2 1 0
github.com/xhynever/wallet-test/util/random.go:40.26,42.2 1 0
github.com/xhynever/wallet-test/util/random.go:45.30,49.2 3 0
github.com/xhynever/wallet-test/util/random.go:52.27,54.2 1 0
github.com/xhynever/wallet-test/util/util.go:16.13,18.2 1 0
github.com/xhynever/wallet-test/util/util.go:41.27,43.16 2 0
github.com/xhynever/wallet-test/util/util.go:43.16,45.3 1 0
github.com/xhynever/wallet-test/util/util.go:46.2,47.21 2 0
github.com/xhynever/wallet-test/util/util.go:49.33,65.16 4 0
github.com/xhynever/wallet-test/util/util.go:65.16,68.3 2 0
github.com/xhynever/wallet-test/util/util.go:69.2,110.16 2 0
github.com/xhynever/wallet-test/util/util.go:110.16,112.3 1 0
github.com/xhynever/wallet-test/util/util.go:113.2,113.18 1 0
github.com/xhynever/wallet-test/util/util.go:116.21,118.16 2 0
github.com/xhynever/wallet-test/util/util.go:118.16,120.3 1 0
github.com/xhynever/wallet-test/util/util.go:121.2,121.33 1 0
github.com/xhynever/wallet-test/util/util.go:124.57,131.16 6 0
github.com/xhynever/wallet-test/util/util.go:131.16,133.3 1 0
github.com/xhynever/wallet-test/util/util.go:134.2,135.8 2 0
github.com/xhynever/wallet-test/util/util.go:144.48,145.18 1 0
github.com/xhynever/wallet-test/util/util.go:146.21,147.14 1 0
github.com/xhynever/wallet-test/util/util.go:149.2,149.14 1 0
github.com/xhynever/wallet-test/util/random.go:12.13,14.2 1 0
github.com/xhynever/wallet-test/util/random.go:17.38,19.2 1 0
github.com/xhynever/wallet-test/util/random.go:22.33,26.25 3 0
github.com/xhynever/wallet-test/util/random.go:26.25,29.3 2 0
github.com/xhynever/wallet-test/util/random.go:31.2,31.20 1 0
github.com/xhynever/wallet-test/util/random.go:35.27,37.2 1 0
github.com/xhynever/wallet-test/util/random.go:40.26,42.2 1 0
github.com/xhynever/wallet-test/util/random.go:45.30,49.2 3 0
github.com/xhynever/wallet-test/util/random.go:52.27,54.2 1 0
github.com/xhynever/wallet-test/util/util.go:16.13,18.2 1 0
github.com/xhynever/wallet-test/util/util.go:41.27,43.16 2 0
github.com/xhynever/wallet-test/util/util.go:43.16,45.3 1 0
github.com/xhynever/wallet-test/util/util.go:46.2,47.21 2 0
github.com/xhynever/wallet-test/util/util.go:49.33,65.16 4 0
github.com/xhynever/wallet-test/util/util.go:65.16,68.3 2 0
github.com/xhynever/wallet-test/util/util.go:69.2,110.16 2 0
github.com/xhynever/wallet-test/util/util.go:110.16,112.3 1 0
github.com/xhynever/wallet-test/util/util.go:113.2,113.18 1 0
github.com/xhynever/wallet-test/util/util.go:116.21,118.16 2 0
github.com/xhynever/wallet-test/util/util.go:118.16,120.3 1 0
github.com/xhynever/wallet-test/util/util.go:121.2,121.33 1 0
github.com/xhynever/wallet-test/util/util.go:124.57,131.16 6 0
github.com/xhynever/wallet-test/util/util.go:131.16,133.3 1 0
github.com/xhynever/wallet-test/util/util.go:134.2,135.8 2 0
github.com/xhynever/wallet-test/util/util.go:144.48,145.18 1 0
github.com/xhynever/wallet-test/util/util.go:146.21,147.14 1 0
github.com/xhynever/wallet-test/util/util.go:149.2,149.14 1 0
github.com/xhynever/wallet-test/tests/internal/repository/sqlc/mock/store.go:24.55,28.2 3 0
github.com/xhynever/wallet-test/tests/internal/repository/sqlc/mock/store.go:31.53,33.2 1 0
github.com/xhynever/wallet-test/tests/internal/repository/sqlc/mock/store.go:36.128,42.2 5 0
github.com/xhynever/wallet-test/tests/internal/repository/sqlc/mock/store.go:45.87,48.2 2 0
github.com/xhynever/wallet-test/tests/internal/repository/sqlc/mock/store.go:51.120,57.2 5 0
github.com/xhynever/wallet-test/tests/internal/repository/sqlc/mock/store.go:60.83,63.2 2 0
github.com/xhynever/wallet-test/tests/internal/repository/sqlc/mock/store.go:66.114,72.2 5 0
github.com/xhynever/wallet-test/tests/internal/repository/sqlc/mock/store.go:75.81,78.2 2 0
github.com/xhynever/wallet-test/tests/internal/repository/sqlc/mock/store.go:81.123,87.2 5 0
github.com/xhynever/wallet-test/tests/internal/repository/sqlc/mock/store.go:90.84,93.2 2 0
github.com/xhynever/wallet-test/tests/internal/repository/sqlc/mock/store.go:96.72,101.2 4 0
github.com/xhynever/wallet-test/tests/internal/repository/sqlc/mock/store.go:104.82,107.2 2 0
github.com/xhynever/wallet-test/tests/internal/repository/sqlc/mock/store.go:110.91,116.2 5 0
github.com/xhynever/wallet-test/tests/internal/repository/sqlc/mock/store.go:119.79,122.2 2 0
github.com/xhynever/wallet-test/tests/internal/repository/sqlc/mock/store.go:125.100,131.2 5 0
github.com/xhynever/wallet-test/tests/internal/repository/sqlc/mock/store.go:134.88,137.2 2 0
github.com/xhynever/wallet-test/tests/internal/repository/sqlc/mock/store.go:140.87,146.2 5 0
github.com/xhynever/wallet-test/tests/internal/repository/sqlc/mock/store.go:149.77,152.2 2 0
github.com/xhynever/wallet-test/tests/internal/repository/sqlc/mock/store.go:155.93,161.2 5 0
github.com/xhynever/wallet-test/tests/internal/repository/sqlc/mock/store.go:164.80,167.2 2 0
github.com/xhynever/wallet-test/tests/internal/repository/sqlc/mock/store.go:170.120,176.2 5 0
github.com/xhynever/wallet-test/tests/internal/repository/sqlc/mock/store.go:179.82,182.2 2 0
github.com/xhynever/wallet-test/tests/internal/repository/sqlc/mock/store.go:185.116,191.2 5 0
github.com/xhynever/wallet-test/tests/internal/repository/sqlc/mock/store.go:194.81,197.2 2 0
github.com/xhynever/wallet-test/tests/internal/repository/sqlc/mock/store.go:200.123,206.2 5 0
github.com/xhynever/wallet-test/tests/internal/repository/sqlc/mock/store.go:209.83,212.2 2 0
github.com/xhynever/wallet-test/tests/internal/repository/sqlc/mock/store.go:215.111,221.2 5 0
github.com/xhynever/wallet-test/tests/internal/repository/sqlc/mock/store.go:224.80,227.2 2 0
github.com/xhynever/wallet-test/tests/internal/repository/sqlc/mock/store.go:230.120,236.2 5 0
github.com/xhynever/wallet-test/tests/internal/repository/sqlc/mock/store.go:239.83,242.2 2 0
github.com/xhynever/wallet-test/main.go:13.13,18.16 3 0
github.com/xhynever/wallet-test/main.go:18.16,20.3 1 0
github.com/xhynever/wallet-test/main.go:22.2,31.44 8 0
github.com/xhynever/wallet-test/handler/accounts.go:13.51,16.49 2 0
github.com/xhynever/wallet-test/handler/accounts.go:16.49,20.3 3 0
github.com/xhynever/wallet-test/handler/accounts.go:22.2,22.21 1 0
github.com/xhynever/wallet-test/handler/accounts.go:22.21,26.3 3 0
github.com/xhynever/wallet-test/handler/accounts.go:27.2,28.16 2 0
github.com/xhynever/wallet-test/handler/accounts.go:28.16,31.3 2 0
github.com/xhynever/wallet-test/handler/accounts.go:32.2,34.4 1 0
github.com/xhynever/wallet-test/handler/accounts.go:37.48,39.48 2 0
github.com/xhynever/wallet-test/handler/accounts.go:39.48,42.3 2 0
github.com/xhynever/wallet-test/handler/accounts.go:43.2,44.16 2 0
github.com/xhynever/wallet-test/handler/accounts.go:44.16,45.27 1 0
github.com/xhynever/wallet-test/handler/accounts.go:45.27,48.4 2 0
github.com/xhynever/wallet-test/handler/accounts.go:49.3,50.9 2 0
github.com/xhynever/wallet-test/handler/accounts.go:52.2,52.34 1 0
github.com/xhynever/wallet-test/handler/accounts.go:55.51,57.49 2 0
github.com/xhynever/wallet-test/handler/accounts.go:57.49,60.3 2 0
github.com/xhynever/wallet-test/handler/accounts.go:61.2,62.16 2 0
github.com/xhynever/wallet-test/handler/accounts.go:62.16,65.3 2 0
github.com/xhynever/wallet-test/handler/accounts.go:66.2,66.34 1 0
github.com/xhynever/wallet-test/handler/accounts.go:69.51,71.48 2 0
github.com/xhynever/wallet-test/handler/accounts.go:71.48,74.3 2 0
github.com/xhynever/wallet-test/handler/accounts.go:76.2,77.16 2 0
github.com/xhynever/wallet-test/handler/accounts.go:77.16,78.27 1 0
github.com/xhynever/wallet-test/handler/accounts.go:78.27,81.4 2 0
github.com/xhynever/wallet-test/handler/accounts.go:82.3,83.9 2 0
github.com/xhynever/wallet-test/handler/accounts.go:85.2,87.4 1 0
github.com/xhynever/wallet-test/handler/accounts.go:90.50,92.50 2 0
github.com/xhynever/wallet-test/handler/accounts.go:92.50,95.3 2 0
github.com/xhynever/wallet-test/handler/accounts.go:96.2,98.16 3 0
github.com/xhynever/wallet-test/handler/accounts.go:98.16,101.3 2 0
github.com/xhynever/wallet-test/handler/accounts.go:102.2,102.35 1 0
github.com/xhynever/wallet-test/handler/accounts.go:104.49,106.50 2 0
github.com/xhynever/wallet-test/handler/accounts.go:106.50,109.3 2 0
github.com/xhynever/wallet-test/handler/accounts.go:111.2,112.16 2 0
github.com/xhynever/wallet-test/handler/accounts.go:112.16,115.3 2 0
github.com/xhynever/wallet-test/handler/accounts.go:116.2,116.35 1 0
github.com/xhynever/wallet-test/handler/handler.go:12.54,14.2 1 0
github.com/xhynever/wallet-test/handler/handler.go:16.59,45.2 10 0
github.com/xhynever/wallet-test/handler/transfers.go:13.52,15.49 2 0
github.com/xhynever/wallet-test/handler/transfers.go:15.49,18.3 2 0
github.com/xhynever/wallet-test/handler/transfers.go:19.2,20.16 2 0
github.com/xhynever/wallet-test/handler/transfers.go:20.16,21.27 1 0
github.com/xhynever/wallet-test/handler/transfers.go:21.27,24.4 2 0
github.com/xhynever/wallet-test/handler/transfers.go:25.3,25.45 1 0
github.com/xhynever/wallet-test/handler/transfers.go:25.45,27.4 1 0
github.com/xhynever/wallet-test/handler/transfers.go:28.3,29.9 2 0
github.com/xhynever/wallet-test/handler/transfers.go:31.2,31.33 1 0
github.com/xhynever/wallet-test/handler/transfers.go:34.46,36.49 2 0
github.com/xhynever/wallet-test/handler/transfers.go:36.49,39.3 2 0
github.com/xhynever/wallet-test/handler/transfers.go:41.2,41.43 1 0
github.com/xhynever/wallet-test/handler/transfers.go:41.43,45.3 3 0
github.com/xhynever/wallet-test/handler/transfers.go:46.2,46.42 1 0
github.com/xhynever/wallet-test/handler/transfers.go:46.42,50.3 3 0
github.com/xhynever/wallet-test/handler/transfers.go:52.2,53.16 2 0
github.com/xhynever/wallet-test/handler/transfers.go:53.16,54.27 1 0
github.com/xhynever/wallet-test/handler/transfers.go:54.27,57.4 2 0
github.com/xhynever/wallet-test/handler/transfers.go:58.3,58.45 1 0
github.com/xhynever/wallet-test/handler/transfers.go:58.45,60.4 1 0
github.com/xhynever/wallet-test/handler/transfers.go:61.3,62.9 2 0
github.com/xhynever/wallet-test/handler/transfers.go:64.2,64.33 1 0
github.com/xhynever/wallet-test/repository/sqlc/account.sql.go:24.104,35.2 4 1
github.com/xhynever/wallet-test/repository/sqlc/account.sql.go:53.96,64.2 4 1
github.com/xhynever/wallet-test/repository/sqlc/account.sql.go:71.70,74.2 2 1
github.com/xhynever/wallet-test/repository/sqlc/account.sql.go:81.78,92.2 4 1
github.com/xhynever/wallet-test/repository/sqlc/account.sql.go:109.96,112.16 2 1
github.com/xhynever/wallet-test/repository/sqlc/account.sql.go:112.16,114.3 1 0
github.com/xhynever/wallet-test/repository/sqlc/account.sql.go:115.2,117.18 3 1
github.com/xhynever/wallet-test/repository/sqlc/account.sql.go:117.18,125.17 2 1
github.com/xhynever/wallet-test/repository/sqlc/account.sql.go:125.17,127.4 1 0
github.com/xhynever/wallet-test/repository/sqlc/account.sql.go:128.3,128.27 1 1
github.com/xhynever/wallet-test/repository/sqlc/account.sql.go:130.2,130.37 1 1
github.com/xhynever/wallet-test/repository/sqlc/account.sql.go:130.37,132.3 1 0
github.com/xhynever/wallet-test/repository/sqlc/account.sql.go:133.2,133.35 1 1
github.com/xhynever/wallet-test/repository/sqlc/account.sql.go:133.35,135.3 1 0
github.com/xhynever/wallet-test/repository/sqlc/account.sql.go:136.2,136.19 1 1
github.com/xhynever/wallet-test/repository/sqlc/account.sql.go:152.96,163.2 4 1
github.com/xhynever/wallet-test/repository/sqlc/db.go:19.28,21.2 1 1
github.com/xhynever/wallet-test/repository/sqlc/db.go:27.47,31.2 1 0
github.com/xhynever/wallet-test/repository/sqlc/entry.sql.go:26.90,36.2 4 1
github.com/xhynever/wallet-test/repository/sqlc/entry.sql.go:43.74,53.2 4 1
github.com/xhynever/wallet-test/repository/sqlc/entry.sql.go:69.92,71.16 2 0
github.com/xhynever/wallet-test/repository/sqlc/entry.sql.go:71.16,73.3 1 0
github.com/xhynever/wallet-test/repository/sqlc/entry.sql.go:74.2,76.18 3 0
github.com/xhynever/wallet-test/repository/sqlc/entry.sql.go:76.18,83.17 2 0
github.com/xhynever/wallet-test/repository/sqlc/entry.sql.go:83.17,85.4 1 0
github.com/xhynever/wallet-test/repository/sqlc/entry.sql.go:86.3,86.27 1 0
github.com/xhynever/wallet-test/repository/sqlc/entry.sql.go:88.2,88.37 1 0
github.com/xhynever/wallet-test/repository/sqlc/entry.sql.go:88.37,90.3 1 0
github.com/xhynever/wallet-test/repository/sqlc/entry.sql.go:91.2,91.35 1 0
github.com/xhynever/wallet-test/repository/sqlc/entry.sql.go:91.35,93.3 1 0
github.com/xhynever/wallet-test/repository/sqlc/entry.sql.go:94.2,94.19 1 0
github.com/xhynever/wallet-test/repository/sqlc/store.go:21.38,23.2 1 1
github.com/xhynever/wallet-test/repository/sqlc/store.go:25.83,27.16 2 1
github.com/xhynever/wallet-test/repository/sqlc/store.go:27.16,29.3 1 0
github.com/xhynever/wallet-test/repository/sqlc/store.go:31.2,33.16 3 1
github.com/xhynever/wallet-test/repository/sqlc/store.go:33.16,34.43 1 0
github.com/xhynever/wallet-test/repository/sqlc/store.go:34.43,36.4 1 0
github.com/xhynever/wallet-test/repository/sqlc/store.go:37.3,37.13 1 0
github.com/xhynever/wallet-test/repository/sqlc/store.go:40.2,40.20 1 1
github.com/xhynever/wallet-test/repository/sqlc/store.go:57.104,60.42 2 1
github.com/xhynever/wallet-test/repository/sqlc/store.go:60.42,61.51 1 0
github.com/xhynever/wallet-test/repository/sqlc/store.go:61.51,69.18 4 0
github.com/xhynever/wallet-test/repository/sqlc/store.go:69.18,71.5 1 0
github.com/xhynever/wallet-test/repository/sqlc/store.go:72.4,76.18 2 0
github.com/xhynever/wallet-test/repository/sqlc/store.go:76.18,78.5 1 0
github.com/xhynever/wallet-test/repository/sqlc/store.go:79.4,83.18 2 0
github.com/xhynever/wallet-test/repository/sqlc/store.go:83.18,85.5 1 0
github.com/xhynever/wallet-test/repository/sqlc/store.go:86.4,86.14 1 0
github.com/xhynever/wallet-test/repository/sqlc/store.go:88.3,88.21 1 0
github.com/xhynever/wallet-test/repository/sqlc/store.go:89.8,90.51 1 1
github.com/xhynever/wallet-test/repository/sqlc/store.go:90.51,97.18 3 1
github.com/xhynever/wallet-test/repository/sqlc/store.go:97.18,99.5 1 0
github.com/xhynever/wallet-test/repository/sqlc/store.go:100.4,104.18 2 1
github.com/xhynever/wallet-test/repository/sqlc/store.go:104.18,106.5 1 0
github.com/xhynever/wallet-test/repository/sqlc/store.go:107.4,111.18 2 1
github.com/xhynever/wallet-test/repository/sqlc/store.go:111.18,113.5 1 0
github.com/xhynever/wallet-test/repository/sqlc/store.go:114.4,114.43 1 1
github.com/xhynever/wallet-test/repository/sqlc/store.go:114.43,117.5 1 1
github.com/xhynever/wallet-test/repository/sqlc/store.go:117.10,119.5 1 1
github.com/xhynever/wallet-test/repository/sqlc/store.go:120.4,120.14 1 1
github.com/xhynever/wallet-test/repository/sqlc/store.go:122.3,122.21 1 1
github.com/xhynever/wallet-test/repository/sqlc/store.go:133.43,139.16 2 1
github.com/xhynever/wallet-test/repository/sqlc/store.go:139.16,141.3 1 0
github.com/xhynever/wallet-test/repository/sqlc/store.go:142.2,146.16 2 1
github.com/xhynever/wallet-test/repository/sqlc/store.go:146.16,148.3 1 0
github.com/xhynever/wallet-test/repository/sqlc/store.go:149.2,149.8 1 1
github.com/xhynever/wallet-test/repository/sqlc/transfer.sql.go:28.99,39.2 4 1
github.com/xhynever/wallet-test/repository/sqlc/transfer.sql.go:46.80,57.2 4 1
github.com/xhynever/wallet-test/repository/sqlc/transfer.sql.go:77.99,84.16 2 0
github.com/xhynever/wallet-test/repository/sqlc/transfer.sql.go:84.16,86.3 1 0
github.com/xhynever/wallet-test/repository/sqlc/transfer.sql.go:87.2,89.18 3 0
github.com/xhynever/wallet-test/repository/sqlc/transfer.sql.go:89.18,97.17 2 0
github.com/xhynever/wallet-test/repository/sqlc/transfer.sql.go:97.17,99.4 1 0
github.com/xhynever/wallet-test/repository/sqlc/transfer.sql.go:100.3,100.27 1 0
github.com/xhynever/wallet-test/repository/sqlc/transfer.sql.go:102.2,102.37 1 0
github.com/xhynever/wallet-test/repository/sqlc/transfer.sql.go:102.37,104.3 1 0
github.com/xhynever/wallet-test/repository/sqlc/transfer.sql.go:105.2,105.35 1 0
github.com/xhynever/wallet-test/repository/sqlc/transfer.sql.go:105.35,107.3 1 0
github.com/xhynever/wallet-test/repository/sqlc/transfer.sql.go:108.2,108.19 1 0
github.com/xhynever/wallet-test/services/accounts.go:13.66,15.2 1 0
github.com/xhynever/wallet-test/services/accounts.go:22.101,31.16 3 0
github.com/xhynever/wallet-test/services/accounts.go:31.16,33.3 1 0
github.com/xhynever/wallet-test/services/accounts.go:34.2,34.21 1 0
github.com/xhynever/wallet-test/services/accounts.go:41.95,43.16 2 0
github.com/xhynever/wallet-test/services/accounts.go:43.16,45.3 1 0
github.com/xhynever/wallet-test/services/accounts.go:46.2,46.21 1 0
github.com/xhynever/wallet-test/services/accounts.go:55.101,62.16 3 0
github.com/xhynever/wallet-test/services/accounts.go:62.16,64.3 1 0
github.com/xhynever/wallet-test/services/accounts.go:65.2,65.21 1 0
github.com/xhynever/wallet-test/services/accounts.go:72.72,75.16 2 0
github.com/xhynever/wallet-test/services/accounts.go:75.16,77.3 1 0
github.com/xhynever/wallet-test/services/accounts.go:78.2,78.25 1 0
github.com/xhynever/wallet-test/services/accounts.go:78.25,86.17 3 0
github.com/xhynever/wallet-test/services/accounts.go:86.17,88.4 1 0
github.com/xhynever/wallet-test/services/accounts.go:91.2,91.12 1 0
github.com/xhynever/wallet-test/services/accounts.go:100.100,108.16 3 0
github.com/xhynever/wallet-test/services/accounts.go:108.16,110.3 1 0
github.com/xhynever/wallet-test/services/accounts.go:111.2,111.21 1 0
github.com/xhynever/wallet-test/services/accounts.go:120.97,128.16 3 0
github.com/xhynever/wallet-test/services/accounts.go:128.16,130.3 1 0
github.com/xhynever/wallet-test/services/accounts.go:131.2,131.21 1 0
github.com/xhynever/wallet-test/services/services.go:21.50,25.2 1 0
github.com/xhynever/wallet-test/services/transfers.go:18.115,20.16 2 0
github.com/xhynever/wallet-test/services/transfers.go:20.16,21.27 1 0
github.com/xhynever/wallet-test/services/transfers.go:21.27,23.4 1 0
github.com/xhynever/wallet-test/services/transfers.go:24.3,24.20 1 0
github.com/xhynever/wallet-test/services/transfers.go:26.2,26.34 1 0
github.com/xhynever/wallet-test/services/transfers.go:26.34,29.3 2 0
github.com/xhynever/wallet-test/services/transfers.go:30.2,30.18 1 0
github.com/xhynever/wallet-test/services/transfers.go:33.100,34.42 1 0
github.com/xhynever/wallet-test/services/transfers.go:34.42,35.21 1 0
github.com/xhynever/wallet-test/services/transfers.go:35.21,38.32 2 0
github.com/xhynever/wallet-test/services/transfers.go:38.32,40.5 1 0
github.com/xhynever/wallet-test/services/transfers.go:41.9,44.34 2 0
github.com/xhynever/wallet-test/services/transfers.go:44.34,46.5 1 0
github.com/xhynever/wallet-test/services/transfers.go:47.4,48.18 2 0
github.com/xhynever/wallet-test/services/transfers.go:48.18,50.5 1 0
github.com/xhynever/wallet-test/services/transfers.go:51.4,51.37 1 0
github.com/xhynever/wallet-test/services/transfers.go:51.37,54.5 2 0
github.com/xhynever/wallet-test/services/transfers.go:56.8,59.33 2 0
github.com/xhynever/wallet-test/services/transfers.go:59.33,61.4 1 0
github.com/xhynever/wallet-test/services/transfers.go:62.3,63.31 2 0
github.com/xhynever/wallet-test/services/transfers.go:63.31,65.4 1 0
github.com/xhynever/wallet-test/services/transfers.go:68.2,75.16 3 0
github.com/xhynever/wallet-test/services/transfers.go:75.16,77.3 1 0
github.com/xhynever/wallet-test/services/transfers.go:78.2,78.20 1 0
github.com/xhynever/wallet-test/services/responses/response.go:8.37,11.2 2 0
github.com/xhynever/wallet-test/tests/internal/repository/sqlc/mock/store.go:24.55,28.2 3 0
github.com/xhynever/wallet-test/tests/internal/repository/sqlc/mock/store.go:31.53,33.2 1 0
github.com/xhynever/wallet-test/tests/internal/repository/sqlc/mock/store.go:36.128,42.2 5 0
github.com/xhynever/wallet-test/tests/internal/repository/sqlc/mock/store.go:45.87,48.2 2 0
github.com/xhynever/wallet-test/tests/internal/repository/sqlc/mock/store.go:51.120,57.2 5 0
github.com/xhynever/wallet-test/tests/internal/repository/sqlc/mock/store.go:60.83,63.2 2 0
github.com/xhynever/wallet-test/tests/internal/repository/sqlc/mock/store.go:66.114,72.2 5 0
github.com/xhynever/wallet-test/tests/internal/repository/sqlc/mock/store.go:75.81,78.2 2 0
github.com/xhynever/wallet-test/tests/internal/repository/sqlc/mock/store.go:81.123,87.2 5 0
github.com/xhynever/wallet-test/tests/internal/repository/sqlc/mock/store.go:90.84,93.2 2 0
github.com/xhynever/wallet-test/tests/internal/repository/sqlc/mock/store.go:96.72,101.2 4 0
github.com/xhynever/wallet-test/tests/internal/repository/sqlc/mock/store.go:104.82,107.2 2 0
github.com/xhynever/wallet-test/tests/internal/repository/sqlc/mock/store.go:110.91,116.2 5 0
github.com/xhynever/wallet-test/tests/internal/repository/sqlc/mock/store.go:119.79,122.2 2 0
github.com/xhynever/wallet-test/tests/internal/repository/sqlc/mock/store.go:125.100,131.2 5 0
github.com/xhynever/wallet-test/tests/internal/repository/sqlc/mock/store.go:134.88,137.2 2 0
github.com/xhynever/wallet-test/tests/internal/repository/sqlc/mock/store.go:140.87,146.2 5 0
github.com/xhynever/wallet-test/tests/internal/repository/sqlc/mock/store.go:149.77,152.2 2 0
github.com/xhynever/wallet-test/tests/internal/repository/sqlc/mock/store.go:155.93,161.2 5 0
github.com/xhynever/wallet-test/tests/internal/repository/sqlc/mock/store.go:164.80,167.2 2 0
github.com/xhynever/wallet-test/tests/internal/repository/sqlc/mock/store.go:170.120,176.2 5 0
github.com/xhynever/wallet-test/tests/internal/repository/sqlc/mock/store.go:179.82,182.2 2 0
github.com/xhynever/wallet-test/tests/internal/repository/sqlc/mock/store.go:185.116,191.2 5 0
github.com/xhynever/wallet-test/tests/internal/repository/sqlc/mock/store.go:194.81,197.2 2 0
github.com/xhynever/wallet-test/tests/internal/repository/sqlc/mock/store.go:200.123,206.2 5 0
github.com/xhynever/wallet-test/tests/internal/repository/sqlc/mock/store.go:209.83,212.2 2 0
github.com/xhynever/wallet-test/tests/internal/repository/sqlc/mock/store.go:215.111,221.2 5 0
github.com/xhynever/wallet-test/tests/internal/repository/sqlc/mock/store.go:224.80,227.2 2 0
github.com/xhynever/wallet-test/tests/internal/repository/sqlc/mock/store.go:230.120,236.2 5 0
github.com/xhynever/wallet-test/tests/internal/repository/sqlc/mock/store.go:239.83,242.2 2 0
github.com/xhynever/wallet-test/util/random.go:12.13,14.2 1 1
github.com/xhynever/wallet-test/util/random.go:17.38,19.2 1 0
github.com/xhynever/wallet-test/util/random.go:22.33,26.25 3 0
github.com/xhynever/wallet-test/util/random.go:26.25,29.3 2 0
github.com/xhynever/wallet-test/util/random.go:31.2,31.20 1 0
github.com/xhynever/wallet-test/util/random.go:35.27,37.2 1 0
github.com/xhynever/wallet-test/util/random.go:40.26,42.2 1 0
github.com/xhynever/wallet-test/util/random.go:45.30,49.2 3 1
github.com/xhynever/wallet-test/util/random.go:52.27,54.2 1 0
github.com/xhynever/wallet-test/util/util.go:16.13,18.2 1 1
github.com/xhynever/wallet-test/util/util.go:41.27,43.16 2 0
github.com/xhynever/wallet-test/util/util.go:43.16,45.3 1 0
github.com/xhynever/wallet-test/util/util.go:46.2,47.21 2 0
github.com/xhynever/wallet-test/util/util.go:49.33,65.16 4 0
github.com/xhynever/wallet-test/util/util.go:65.16,68.3 2 0
github.com/xhynever/wallet-test/util/util.go:69.2,110.16 2 0
github.com/xhynever/wallet-test/util/util.go:110.16,112.3 1 0
github.com/xhynever/wallet-test/util/util.go:113.2,113.18 1 0
github.com/xhynever/wallet-test/util/util.go:116.21,118.16 2 0
github.com/xhynever/wallet-test/util/util.go:118.16,120.3 1 0
github.com/xhynever/wallet-test/util/util.go:121.2,121.33 1 0
github.com/xhynever/wallet-test/util/util.go:124.57,131.16 6 1
github.com/xhynever/wallet-test/util/util.go:131.16,133.3 1 0
github.com/xhynever/wallet-test/util/util.go:134.2,135.8 2 1
github.com/xhynever/wallet-test/util/util.go:144.48,145.18 1 0
github.com/xhynever/wallet-test/util/util.go:146.21,147.14 1 0
github.com/xhynever/wallet-test/util/util.go:149.2,149.14 1 0
